<?xml version="1.0" encoding="UTF-8"?>
<!-- Generated by org.testng.reporters.JUnitReportReporter -->
<testsuite hostname="LAPTOP-9G6I7F61" failures="0" tests="1" name="FormTest" time="0.000" errors="0" timestamp="24 sty 2021 09:44:37 GMT" skipped="0">
  <testcase classname="FormTest" name="shouldSendForm" time="0.000"/>
</testsuite> <!-- FormTest -->
