<?xml version="1.0" encoding="UTF-8"?>
<!-- Generated by org.testng.reporters.JUnitReportReporter -->
<testsuite hostname="LAPTOP-9G6I7F61" failures="0" tests="3" name="AnnotationsTest" time="0.006" errors="0" timestamp="24 sty 2021 09:44:37 GMT" skipped="0">
  <testcase classname="AnnotationsTest" name="test1" time="0.003"/>
  <testcase classname="AnnotationsTest" name="test2" time="0.001"/>
  <testcase classname="AnnotationsTest" name="test3" time="0.002"/>
</testsuite> <!-- AnnotationsTest -->
